2023-03-16 12:11:01,684 INFO  (FTPUtil.java:37) - FTP连接成功!
2023-03-16 12:11:19,724 INFO  (FTPUtil.java:37) - FTP连接成功!
2023-03-16 12:12:55,830 INFO  (FTPUtil.java:37) - FTP连接成功!
2023-03-16 12:14:24,072 INFO  (FTPUtil.java:37) - FTP连接成功!
2023-03-16 12:16:31,519 INFO  (FTPUtil.java:37) - FTP连接成功!
2023-03-16 12:16:32,546 INFO  (FTPUtil.java:86) - 未正确读取远程文件内容，请检查远程路径是否有误！
2023-03-16 12:17:08,447 INFO  (FTPUtil.java:37) - FTP连接成功!
2023-03-16 12:17:09,479 INFO  (FTPUtil.java:90) - 未正确读取远程文件内容，请检查远程路径是否有误！
2023-03-16 12:17:23,910 INFO  (FTPUtil.java:37) - FTP连接成功!
2023-03-16 12:17:24,433 INFO  (FTPUtil.java:90) - 未正确读取远程文件内容，请检查远程路径是否有误！
2023-03-16 12:18:09,463 INFO  (FTPUtil.java:37) - FTP连接成功!
2023-03-16 20:07:39,072 INFO  (FTPUtil.java:37) - FTP连接成功!
2023-03-16 20:07:40,291 INFO  (FTPUtil.java:37) - FTP连接成功!
2023-03-16 20:07:40,682 INFO  (FTPUtil.java:37) - FTP连接成功!
2023-03-16 20:07:41,041 INFO  (FTPUtil.java:37) - FTP连接成功!
2023-03-16 20:07:41,448 INFO  (FTPUtil.java:37) - FTP连接成功!
2023-03-16 20:10:35,085 INFO  (FTPUtil.java:37) - FTP连接成功!
2023-03-16 20:10:36,305 INFO  (FTPUtil.java:37) - FTP连接成功!
2023-03-16 20:10:36,680 INFO  (FTPUtil.java:37) - FTP连接成功!
2023-03-16 20:10:37,040 INFO  (FTPUtil.java:37) - FTP连接成功!
2023-03-16 20:10:37,400 INFO  (FTPUtil.java:37) - FTP连接成功!
2023-03-16 20:16:52,351 INFO  (FTPUtil.java:37) - FTP连接成功!
2023-03-16 20:16:53,575 INFO  (FTPUtil.java:37) - FTP连接成功!
2023-03-16 20:16:53,990 INFO  (FTPUtil.java:37) - FTP连接成功!
2023-03-16 20:16:54,346 INFO  (FTPUtil.java:37) - FTP连接成功!
2023-03-16 20:16:54,720 INFO  (FTPUtil.java:37) - FTP连接成功!
2023-03-16 20:19:04,316 INFO  (FTPUtil.java:37) - FTP连接成功!
2023-03-16 20:19:05,535 INFO  (FTPUtil.java:37) - FTP连接成功!
2023-03-16 20:19:05,895 INFO  (FTPUtil.java:37) - FTP连接成功!
2023-03-16 20:19:06,273 INFO  (FTPUtil.java:37) - FTP连接成功!
2023-03-16 20:19:06,617 INFO  (FTPUtil.java:37) - FTP连接成功!
2023-03-16 20:22:10,084 INFO  (FTPUtil.java:37) - FTP连接成功!
2023-03-16 20:22:10,867 INFO  (FTPUtil.java:37) - FTP连接成功!
2023-03-16 20:22:11,295 INFO  (FTPUtil.java:37) - FTP连接成功!
2023-03-16 20:22:11,657 INFO  (FTPUtil.java:37) - FTP连接成功!
2023-03-16 20:22:12,027 INFO  (FTPUtil.java:37) - FTP连接成功!
2023-03-16 20:24:21,750 INFO  (FTPUtil.java:37) - FTP连接成功!
2023-03-16 20:24:22,777 INFO  (FTPUtil.java:108) - 本地文件上传成功！
2023-03-16 20:24:22,966 INFO  (FTPUtil.java:37) - FTP连接成功!
2023-03-16 20:24:23,245 INFO  (FTPUtil.java:110) - 本地文件上传失败！
2023-03-16 20:24:23,451 INFO  (FTPUtil.java:37) - FTP连接成功!
2023-03-16 20:24:23,621 INFO  (FTPUtil.java:110) - 本地文件上传失败！
2023-03-16 20:24:23,822 INFO  (FTPUtil.java:37) - FTP连接成功!
2023-03-16 20:24:23,990 INFO  (FTPUtil.java:110) - 本地文件上传失败！
2023-03-16 20:24:24,179 INFO  (FTPUtil.java:37) - FTP连接成功!
2023-03-16 20:24:24,344 INFO  (FTPUtil.java:110) - 本地文件上传失败！
2023-03-16 20:26:49,405 INFO  (FTPUtil.java:38) - FTP连接成功!
2023-03-16 20:26:49,924 INFO  (FTPUtil.java:109) - 本地文件上传成功！
2023-03-16 20:26:50,103 INFO  (FTPUtil.java:38) - FTP连接成功!
2023-03-16 20:26:50,319 INFO  (FTPUtil.java:111) - 本地文件上传失败！
2023-03-16 20:26:50,488 INFO  (FTPUtil.java:38) - FTP连接成功!
2023-03-16 20:26:50,701 INFO  (FTPUtil.java:111) - 本地文件上传失败！
2023-03-16 20:26:50,902 INFO  (FTPUtil.java:38) - FTP连接成功!
2023-03-16 20:26:51,102 INFO  (FTPUtil.java:111) - 本地文件上传失败！
2023-03-16 20:26:51,301 INFO  (FTPUtil.java:38) - FTP连接成功!
2023-03-16 20:26:51,538 INFO  (FTPUtil.java:111) - 本地文件上传失败！
2023-03-16 20:29:44,888 INFO  (FTPUtil.java:38) - FTP连接成功!
2023-03-16 20:29:45,918 INFO  (FTPUtil.java:109) - 本地文件上传成功！
2023-03-16 20:29:46,134 INFO  (FTPUtil.java:38) - FTP连接成功!
2023-03-16 20:29:46,369 INFO  (FTPUtil.java:111) - 本地文件上传失败！
2023-03-16 20:29:46,555 INFO  (FTPUtil.java:38) - FTP连接成功!
2023-03-16 20:29:46,735 INFO  (FTPUtil.java:111) - 本地文件上传失败！
2023-03-16 20:29:46,914 INFO  (FTPUtil.java:38) - FTP连接成功!
2023-03-16 20:29:47,144 INFO  (FTPUtil.java:111) - 本地文件上传失败！
2023-03-16 20:29:47,314 INFO  (FTPUtil.java:38) - FTP连接成功!
2023-03-16 20:29:47,481 INFO  (FTPUtil.java:111) - 本地文件上传失败！
2023-03-16 20:33:52,935 INFO  (FTPUtil.java:38) - FTP连接成功!
2023-03-16 20:33:53,950 INFO  (FTPUtil.java:109) - 本地文件上传成功！
2023-03-16 20:33:54,131 INFO  (FTPUtil.java:38) - FTP连接成功!
2023-03-16 20:33:54,352 INFO  (FTPUtil.java:111) - 本地文件上传失败！
2023-03-16 20:33:54,588 INFO  (FTPUtil.java:38) - FTP连接成功!
2023-03-16 20:33:54,763 INFO  (FTPUtil.java:111) - 本地文件上传失败！
2023-03-16 20:33:54,979 INFO  (FTPUtil.java:38) - FTP连接成功!
2023-03-16 20:33:55,179 INFO  (FTPUtil.java:111) - 本地文件上传失败！
2023-03-16 20:33:55,410 INFO  (FTPUtil.java:38) - FTP连接成功!
2023-03-16 20:33:55,575 INFO  (FTPUtil.java:111) - 本地文件上传失败！
2023-03-16 20:36:08,406 INFO  (FTPUtil.java:38) - FTP连接成功!
2023-03-16 20:36:09,453 INFO  (FTPUtil.java:113) - 本地文件上传成功！
2023-03-16 20:36:09,981 INFO  (FTPUtil.java:38) - FTP连接成功!
2023-03-16 20:36:10,439 INFO  (FTPUtil.java:115) - 本地文件上传失败！
2023-03-16 20:36:10,736 INFO  (FTPUtil.java:38) - FTP连接成功!
2023-03-16 20:36:11,299 INFO  (FTPUtil.java:115) - 本地文件上传失败！
2023-03-16 20:36:11,764 INFO  (FTPUtil.java:38) - FTP连接成功!
2023-03-16 20:36:12,070 INFO  (FTPUtil.java:115) - 本地文件上传失败！
2023-03-16 20:36:12,385 INFO  (FTPUtil.java:38) - FTP连接成功!
2023-03-16 20:36:12,668 INFO  (FTPUtil.java:115) - 本地文件上传失败！
2023-03-16 20:36:41,963 INFO  (FTPUtil.java:38) - FTP连接成功!
2023-03-16 20:36:42,494 INFO  (FTPUtil.java:113) - 本地文件上传成功！
2023-03-16 20:36:43,133 INFO  (FTPUtil.java:38) - FTP连接成功!
2023-03-16 20:36:43,664 INFO  (FTPUtil.java:115) - 本地文件上传失败！
2023-03-16 20:36:44,107 INFO  (FTPUtil.java:38) - FTP连接成功!
2023-03-16 20:36:44,457 INFO  (FTPUtil.java:115) - 本地文件上传失败！
2023-03-16 20:36:44,690 INFO  (FTPUtil.java:38) - FTP连接成功!
2023-03-16 20:36:45,153 INFO  (FTPUtil.java:115) - 本地文件上传失败！
2023-03-16 20:36:45,464 INFO  (FTPUtil.java:38) - FTP连接成功!
2023-03-16 20:36:45,751 INFO  (FTPUtil.java:115) - 本地文件上传失败！
2023-03-16 20:39:48,499 INFO  (FTPUtil.java:38) - FTP连接成功!
2023-03-16 20:39:49,547 INFO  (FTPUtil.java:113) - 本地文件上传成功！
2023-03-16 20:39:49,738 INFO  (FTPUtil.java:38) - FTP连接成功!
2023-03-16 20:39:49,956 INFO  (FTPUtil.java:115) - 本地文件上传失败！
2023-03-16 20:39:50,131 INFO  (FTPUtil.java:38) - FTP连接成功!
2023-03-16 20:39:50,353 INFO  (FTPUtil.java:115) - 本地文件上传失败！
2023-03-16 20:39:50,529 INFO  (FTPUtil.java:38) - FTP连接成功!
2023-03-16 20:39:50,750 INFO  (FTPUtil.java:115) - 本地文件上传失败！
2023-03-16 20:39:50,927 INFO  (FTPUtil.java:38) - FTP连接成功!
2023-03-16 20:39:51,130 INFO  (FTPUtil.java:115) - 本地文件上传失败！
2023-03-16 20:42:50,662 INFO  (FTPUtil.java:38) - FTP连接成功!
2023-03-16 20:42:51,696 INFO  (FTPUtil.java:113) - 本地文件上传成功！
2023-03-16 20:42:51,879 INFO  (FTPUtil.java:38) - FTP连接成功!
2023-03-16 20:42:52,090 INFO  (FTPUtil.java:115) - 本地文件上传失败！
2023-03-16 20:42:52,321 INFO  (FTPUtil.java:38) - FTP连接成功!
2023-03-16 20:42:52,561 INFO  (FTPUtil.java:115) - 本地文件上传失败！
2023-03-16 20:42:52,744 INFO  (FTPUtil.java:38) - FTP连接成功!
2023-03-16 20:42:52,950 INFO  (FTPUtil.java:115) - 本地文件上传失败！
2023-03-16 20:42:53,159 INFO  (FTPUtil.java:38) - FTP连接成功!
2023-03-16 20:42:53,393 INFO  (FTPUtil.java:115) - 本地文件上传失败！
2023-03-16 20:46:19,979 INFO  (FTPUtil.java:38) - FTP连接成功!
2023-03-16 20:46:20,499 INFO  (FTPUtil.java:113) - 本地文件上传成功！
2023-03-16 20:46:20,682 INFO  (FTPUtil.java:38) - FTP连接成功!
2023-03-16 20:46:21,039 INFO  (FTPUtil.java:113) - 本地文件上传成功！
2023-03-16 20:46:21,217 INFO  (FTPUtil.java:38) - FTP连接成功!
2023-03-16 20:46:21,414 INFO  (FTPUtil.java:115) - 本地文件上传失败！
2023-03-16 20:46:21,613 INFO  (FTPUtil.java:38) - FTP连接成功!
2023-03-16 20:46:21,828 INFO  (FTPUtil.java:115) - 本地文件上传失败！
2023-03-16 20:46:21,994 INFO  (FTPUtil.java:38) - FTP连接成功!
2023-03-16 20:46:22,211 INFO  (FTPUtil.java:115) - 本地文件上传失败！
2023-03-16 20:51:59,084 INFO  (FTPUtil.java:38) - FTP连接成功!
2023-03-16 20:52:00,110 INFO  (FTPUtil.java:113) - 本地文件上传成功！
2023-03-16 20:52:00,289 INFO  (FTPUtil.java:38) - FTP连接成功!
2023-03-16 20:52:00,621 INFO  (FTPUtil.java:113) - 本地文件上传成功！
2023-03-16 20:52:00,793 INFO  (FTPUtil.java:38) - FTP连接成功!
2023-03-16 20:52:01,003 INFO  (FTPUtil.java:115) - 本地文件上传失败！
2023-03-16 20:52:01,003 INFO  (FTPUtil.java:116) - 553 Could not create file.

2023-03-16 20:52:01,215 INFO  (FTPUtil.java:38) - FTP连接成功!
2023-03-16 20:52:01,596 INFO  (FTPUtil.java:113) - 本地文件上传成功！
2023-03-16 20:52:01,779 INFO  (FTPUtil.java:38) - FTP连接成功!
2023-03-16 20:52:02,110 INFO  (FTPUtil.java:113) - 本地文件上传成功！
2023-03-16 20:52:38,247 INFO  (FTPUtil.java:38) - FTP连接成功!
2023-03-16 20:52:38,774 INFO  (FTPUtil.java:113) - 本地文件上传成功！
2023-03-16 20:52:38,950 INFO  (FTPUtil.java:38) - FTP连接成功!
2023-03-16 20:52:39,242 INFO  (FTPUtil.java:113) - 本地文件上传成功！
2023-03-16 20:52:39,419 INFO  (FTPUtil.java:38) - FTP连接成功!
2023-03-16 20:52:39,586 INFO  (FTPUtil.java:115) - 本地文件上传失败！
2023-03-16 20:52:39,586 INFO  (FTPUtil.java:116) - 553 Could not create file.

2023-03-16 20:52:39,761 INFO  (FTPUtil.java:38) - FTP连接成功!
2023-03-16 20:52:40,052 INFO  (FTPUtil.java:113) - 本地文件上传成功！
2023-03-16 20:52:40,225 INFO  (FTPUtil.java:38) - FTP连接成功!
2023-03-16 20:52:40,508 INFO  (FTPUtil.java:113) - 本地文件上传成功！
2023-03-16 20:54:10,800 INFO  (FTPUtil.java:38) - FTP连接成功!
2023-03-16 20:54:11,837 INFO  (FTPUtil.java:113) - 本地文件上传成功！
2023-03-16 20:54:11,999 INFO  (FTPUtil.java:38) - FTP连接成功!
2023-03-16 20:54:12,299 INFO  (FTPUtil.java:113) - 本地文件上传成功！
2023-03-16 20:54:12,483 INFO  (FTPUtil.java:38) - FTP连接成功!
2023-03-16 20:54:12,648 INFO  (FTPUtil.java:115) - 本地文件上传失败！
2023-03-16 20:54:12,648 INFO  (FTPUtil.java:116) - 553 Could not create file.

2023-03-16 20:54:12,831 INFO  (FTPUtil.java:38) - FTP连接成功!
2023-03-16 20:54:13,113 INFO  (FTPUtil.java:113) - 本地文件上传成功！
2023-03-16 20:54:13,329 INFO  (FTPUtil.java:38) - FTP连接成功!
2023-03-16 20:54:13,642 INFO  (FTPUtil.java:113) - 本地文件上传成功！
2023-03-16 20:56:05,794 INFO  (FTPUtil.java:38) - FTP连接成功!
2023-03-16 20:56:06,310 INFO  (FTPUtil.java:113) - 本地文件上传成功！
2023-03-16 20:56:06,493 INFO  (FTPUtil.java:38) - FTP连接成功!
2023-03-16 20:56:06,787 INFO  (FTPUtil.java:113) - 本地文件上传成功！
2023-03-16 20:56:06,987 INFO  (FTPUtil.java:38) - FTP连接成功!
2023-03-16 20:56:07,175 INFO  (FTPUtil.java:115) - 本地文件上传失败！
2023-03-16 20:56:07,175 INFO  (FTPUtil.java:116) - 553 Could not create file.

2023-03-16 20:56:07,355 INFO  (FTPUtil.java:38) - FTP连接成功!
2023-03-16 20:56:07,668 INFO  (FTPUtil.java:113) - 本地文件上传成功！
2023-03-16 20:56:07,843 INFO  (FTPUtil.java:38) - FTP连接成功!
2023-03-16 20:56:08,128 INFO  (FTPUtil.java:113) - 本地文件上传成功！
2023-03-16 20:57:11,888 INFO  (FTPUtil.java:38) - FTP连接成功!
2023-03-16 20:57:12,917 INFO  (FTPUtil.java:113) - 本地文件上传成功！
2023-03-16 20:57:13,093 INFO  (FTPUtil.java:38) - FTP连接成功!
2023-03-16 20:57:13,384 INFO  (FTPUtil.java:113) - 本地文件上传成功！
2023-03-16 20:57:13,583 INFO  (FTPUtil.java:38) - FTP连接成功!
2023-03-16 20:57:13,771 INFO  (FTPUtil.java:115) - 本地文件上传失败！
2023-03-16 20:57:13,772 INFO  (FTPUtil.java:116) - 553 Could not create file.

2023-03-16 20:57:13,945 INFO  (FTPUtil.java:38) - FTP连接成功!
2023-03-16 20:57:14,230 INFO  (FTPUtil.java:113) - 本地文件上传成功！
2023-03-16 20:57:14,403 INFO  (FTPUtil.java:38) - FTP连接成功!
2023-03-16 20:57:14,699 INFO  (FTPUtil.java:113) - 本地文件上传成功！
2023-03-16 20:58:14,554 INFO  (FTPUtil.java:38) - FTP连接成功!
2023-03-16 20:58:15,076 INFO  (FTPUtil.java:113) - 本地文件上传成功！
2023-03-16 20:58:15,262 INFO  (FTPUtil.java:38) - FTP连接成功!
2023-03-16 20:58:15,558 INFO  (FTPUtil.java:113) - 本地文件上传成功！
2023-03-16 20:58:15,739 INFO  (FTPUtil.java:38) - FTP连接成功!
2023-03-16 20:58:15,890 INFO  (FTPUtil.java:115) - 本地文件上传失败！
2023-03-16 20:58:15,890 INFO  (FTPUtil.java:116) - 553 Could not create file.

2023-03-16 20:58:16,073 INFO  (FTPUtil.java:38) - FTP连接成功!
2023-03-16 20:58:16,364 INFO  (FTPUtil.java:113) - 本地文件上传成功！
2023-03-16 20:58:16,556 INFO  (FTPUtil.java:38) - FTP连接成功!
2023-03-16 20:58:16,857 INFO  (FTPUtil.java:113) - 本地文件上传成功！
2023-03-16 20:59:28,621 INFO  (FTPUtil.java:38) - FTP连接成功!
2023-03-16 20:59:29,138 INFO  (FTPUtil.java:113) - 本地文件上传成功！
2023-03-16 20:59:29,319 INFO  (FTPUtil.java:38) - FTP连接成功!
2023-03-16 20:59:29,620 INFO  (FTPUtil.java:113) - 本地文件上传成功！
2023-03-16 20:59:29,796 INFO  (FTPUtil.java:38) - FTP连接成功!
2023-03-16 20:59:29,965 INFO  (FTPUtil.java:115) - 本地文件上传失败！
2023-03-16 20:59:29,965 INFO  (FTPUtil.java:116) - 553 Could not create file.

2023-03-16 20:59:30,136 INFO  (FTPUtil.java:38) - FTP连接成功!
2023-03-16 20:59:30,417 INFO  (FTPUtil.java:113) - 本地文件上传成功！
2023-03-16 20:59:30,585 INFO  (FTPUtil.java:38) - FTP连接成功!
2023-03-16 20:59:30,868 INFO  (FTPUtil.java:113) - 本地文件上传成功！
2023-03-16 21:02:28,383 INFO  (FTPUtil.java:38) - FTP连接成功!
2023-03-16 21:02:29,394 INFO  (FTPUtil.java:113) - 本地文件上传成功！
2023-03-16 21:02:29,580 INFO  (FTPUtil.java:38) - FTP连接成功!
2023-03-16 21:02:29,874 INFO  (FTPUtil.java:113) - 本地文件上传成功！
2023-03-16 21:02:30,059 INFO  (FTPUtil.java:38) - FTP连接成功!
2023-03-16 21:02:30,222 INFO  (FTPUtil.java:115) - 本地文件上传失败！
2023-03-16 21:02:30,222 INFO  (FTPUtil.java:116) - 553 Could not create file.

2023-03-16 21:02:30,404 INFO  (FTPUtil.java:38) - FTP连接成功!
2023-03-16 21:02:30,704 INFO  (FTPUtil.java:113) - 本地文件上传成功！
2023-03-16 21:02:30,903 INFO  (FTPUtil.java:38) - FTP连接成功!
2023-03-16 21:02:31,221 INFO  (FTPUtil.java:113) - 本地文件上传成功！
